app/build/intermediates/manifest_merge_blame_file/debug/processDebugMainManifest/manifest-merger-blame-debug-report.txt
1<?xml version="1.0" encoding="utf-8"?>
2<manifest xmlns:android="http://schemas.android.com/apk/res/android"
3    package="com.example.learninglanguageapp"
4    android:versionCode="1"
5    android:versionName="1.0-debug" >
6
7    <uses-sdk
8        android:minSdkVersion="26"
9        android:targetSdkVersion="34" />
10    <!-- Network Permissions -->
11    <uses-feature
11-->src\main\AndroidManifest.xml:5:5-7:36
12        android:name="android.hardware.camera"
12-->src\main\AndroidManifest.xml:6:9-47
13        android:required="false" />
13-->src\main\AndroidManifest.xml:7:9-33
14
15    <uses-permission android:name="android.permission.INTERNET" />
15-->src\main\AndroidManifest.xml:9:5-67
15-->src\main\AndroidManifest.xml:9:22-64
16    <uses-permission android:name="android.permission.ACCESS_NETWORK_STATE" />
16-->src\main\AndroidManifest.xml:10:5-79
16-->src\main\AndroidManifest.xml:10:22-76
17    <uses-permission android:name="android.permission.ACCESS_WIFI_STATE" /> <!-- Storage Permissions -->
17-->src\main\AndroidManifest.xml:11:5-76
17-->src\main\AndroidManifest.xml:11:22-73
18    <uses-permission android:name="android.permission.POST_NOTIFICATIONS" />
18-->src\main\AndroidManifest.xml:12:5-77
18-->src\main\AndroidManifest.xml:12:22-74
19    <uses-permission
19-->src\main\AndroidManifest.xml:13:5-15:38
20        android:name="android.permission.WRITE_EXTERNAL_STORAGE"
20-->src\main\AndroidManifest.xml:14:9-65
21        android:maxSdkVersion="28" />
21-->src\main\AndroidManifest.xml:15:9-35
22    <uses-permission android:name="android.permission.READ_EXTERNAL_STORAGE" /> <!-- Audio Permissions -->
22-->src\main\AndroidManifest.xml:16:5-80
22-->src\main\AndroidManifest.xml:16:22-77
23    <uses-permission android:name="android.permission.RECORD_AUDIO" />
23-->src\main\AndroidManifest.xml:17:5-71
23-->src\main\AndroidManifest.xml:17:22-68
24    <uses-permission android:name="android.permission.MODIFY_AUDIO_SETTINGS" /> <!-- System Permissions -->
24-->src\main\AndroidManifest.xml:18:5-80
24-->src\main\AndroidManifest.xml:18:22-77
25    <uses-permission android:name="android.permission.WAKE_LOCK" />
25-->src\main\AndroidManifest.xml:19:5-68
25-->src\main\AndroidManifest.xml:19:22-65
26    <uses-permission android:name="android.permission.VIBRATE" />
26-->src\main\AndroidManifest.xml:20:5-66
26-->src\main\AndroidManifest.xml:20:22-63
27    <uses-permission android:name="android.permission.RECEIVE_BOOT_COMPLETED" /> <!-- Camera Permission (for profile picture) -->
27-->src\main\AndroidManifest.xml:21:5-81
27-->src\main\AndroidManifest.xml:21:22-78
28    <uses-permission android:name="android.permission.CAMERA" /> <!-- Foreground Service Permission (API 28+) -->
28-->src\main\AndroidManifest.xml:22:5-65
28-->src\main\AndroidManifest.xml:22:22-62
29    <uses-permission android:name="android.permission.FOREGROUND_SERVICE" />
29-->src\main\AndroidManifest.xml:23:5-77
29-->src\main\AndroidManifest.xml:23:22-74
30
31    <queries>
31-->[com.facebook.android:facebook-common:18.1.3] AndroidManifest.xml:15:5-17:15
32        <package android:name="com.facebook.katana" />
32-->[com.facebook.android:facebook-common:18.1.3] AndroidManifest.xml:16:9-55
32-->[com.facebook.android:facebook-common:18.1.3] AndroidManifest.xml:16:18-52
33    </queries>
34
35    <uses-permission android:name="com.google.android.gms.permission.AD_ID" /> <!-- Support for Google Privacy Sandbox adservices API -->
35-->[com.facebook.android:facebook-core:18.1.3] AndroidManifest.xml:14:5-79
35-->[com.facebook.android:facebook-core:18.1.3] AndroidManifest.xml:14:22-76
36    <uses-permission android:name="android.permission.ACCESS_ADSERVICES_ATTRIBUTION" />
36-->[com.facebook.android:facebook-core:18.1.3] AndroidManifest.xml:16:5-88
36-->[com.facebook.android:facebook-core:18.1.3] AndroidManifest.xml:16:22-85
37    <uses-permission android:name="android.permission.ACCESS_ADSERVICES_AD_ID" />
37-->[com.facebook.android:facebook-core:18.1.3] AndroidManifest.xml:17:5-82
37-->[com.facebook.android:facebook-core:18.1.3] AndroidManifest.xml:17:22-79
38    <uses-permission android:name="android.permission.ACCESS_ADSERVICES_CUSTOM_AUDIENCE" />
38-->[com.facebook.android:facebook-core:18.1.3] AndroidManifest.xml:18:5-92
38-->[com.facebook.android:facebook-core:18.1.3] AndroidManifest.xml:18:22-89
39    <uses-permission android:name="android.permission.ACCESS_ADSERVICES_TOPICS" />
39-->[com.facebook.android:facebook-core:18.1.3] AndroidManifest.xml:19:5-83
39-->[com.facebook.android:facebook-core:18.1.3] AndroidManifest.xml:19:22-80
40
41    <permission
41-->[androidx.core:core:1.13.1] AndroidManifest.xml:22:5-24:47
42        android:name="com.example.learninglanguageapp.DYNAMIC_RECEIVER_NOT_EXPORTED_PERMISSION"
42-->[androidx.core:core:1.13.1] AndroidManifest.xml:23:9-81
43        android:protectionLevel="signature" />
43-->[androidx.core:core:1.13.1] AndroidManifest.xml:24:9-44
44
45    <uses-permission android:name="com.example.learninglanguageapp.DYNAMIC_RECEIVER_NOT_EXPORTED_PERMISSION" />
45-->[androidx.core:core:1.13.1] AndroidManifest.xml:26:5-97
45-->[androidx.core:core:1.13.1] AndroidManifest.xml:26:22-94
46    <uses-permission android:name="com.google.android.finsky.permission.BIND_GET_INSTALL_REFERRER_SERVICE" />
46-->[com.android.installreferrer:installreferrer:1.0] AndroidManifest.xml:9:5-110
46-->[com.android.installreferrer:installreferrer:1.0] AndroidManifest.xml:9:22-107
47
48    <application
48-->src\main\AndroidManifest.xml:25:5-180:19
49        android:allowBackup="true"
49-->src\main\AndroidManifest.xml:26:9-35
50        android:appComponentFactory="androidx.core.app.CoreComponentFactory"
50-->[androidx.core:core:1.13.1] AndroidManifest.xml:28:18-86
51        android:dataExtractionRules="@xml/data_extraction_rules"
51-->src\main\AndroidManifest.xml:27:9-65
52        android:debuggable="true"
53        android:extractNativeLibs="false"
54        android:fullBackupContent="@xml/backup_rules"
54-->src\main\AndroidManifest.xml:28:9-54
55        android:icon="@drawable/mascot"
55-->src\main\AndroidManifest.xml:29:9-40
56        android:label="@string/app_name"
56-->src\main\AndroidManifest.xml:30:9-41
57        android:networkSecurityConfig="@xml/network_security_config"
57-->src\main\AndroidManifest.xml:31:9-69
58        android:roundIcon="@mipmap/ic_launcher_round"
58-->src\main\AndroidManifest.xml:32:9-54
59        android:supportsRtl="true"
59-->src\main\AndroidManifest.xml:33:9-35
60        android:testOnly="true"
61        android:theme="@style/Theme.LearningLanguageApp"
61-->src\main\AndroidManifest.xml:34:9-57
62        android:usesCleartextTraffic="true" >
62-->src\main\AndroidManifest.xml:35:9-44
63        <activity
63-->src\main\AndroidManifest.xml:37:9-39:40
64            android:name="com.example.learninglanguageapp.activities.ProfileFriend"
64-->src\main\AndroidManifest.xml:38:13-53
65            android:exported="false" />
65-->src\main\AndroidManifest.xml:39:13-37
66        <activity
66-->src\main\AndroidManifest.xml:40:9-42:40
67            android:name="com.example.learninglanguageapp.activities.MatchGameActivity"
67-->src\main\AndroidManifest.xml:41:13-57
68            android:exported="false" />
68-->src\main\AndroidManifest.xml:42:13-37
69        <activity
69-->src\main\AndroidManifest.xml:43:9-45:40
70            android:name="com.example.learninglanguageapp.activities.MatchingGameActivity"
70-->src\main\AndroidManifest.xml:44:13-60
71            android:exported="false" />
71-->src\main\AndroidManifest.xml:45:13-37
72        <activity
72-->src\main\AndroidManifest.xml:46:9-48:40
73            android:name="com.example.learninglanguageapp.activities.LeaderboardActivity"
73-->src\main\AndroidManifest.xml:47:13-59
74            android:exported="false" />
74-->src\main\AndroidManifest.xml:48:13-37
75        <activity
75-->src\main\AndroidManifest.xml:49:9-51:40
76            android:name="com.example.learninglanguageapp.activities.AccountPersonal"
76-->src\main\AndroidManifest.xml:50:13-55
77            android:exported="false" />
77-->src\main\AndroidManifest.xml:51:13-37
78        <activity
78-->src\main\AndroidManifest.xml:52:9-54:40
79            android:name="com.example.learninglanguageapp.activities.AccountActivity"
79-->src\main\AndroidManifest.xml:53:13-55
80            android:exported="false" />
80-->src\main\AndroidManifest.xml:54:13-37
81        <activity
81-->src\main\AndroidManifest.xml:55:9-57:40
82            android:name="com.example.learninglanguageapp.activities.PaymentActivity"
82-->src\main\AndroidManifest.xml:56:13-55
83            android:exported="false" />
83-->src\main\AndroidManifest.xml:57:13-37
84        <activity
84-->src\main\AndroidManifest.xml:58:9-71:20
85            android:name="com.example.learninglanguageapp.activities.WebViewActivity"
85-->src\main\AndroidManifest.xml:58:19-61
86            android:exported="true"
86-->src\main\AndroidManifest.xml:59:13-36
87            android:hardwareAccelerated="false" >
87-->src\main\AndroidManifest.xml:60:13-48
88            <intent-filter>
88-->src\main\AndroidManifest.xml:62:13-70:29
89                <action android:name="android.intent.action.VIEW" />
89-->src\main\AndroidManifest.xml:63:17-68
89-->src\main\AndroidManifest.xml:63:25-66
90
91                <category android:name="android.intent.category.DEFAULT" />
91-->src\main\AndroidManifest.xml:64:17-75
91-->src\main\AndroidManifest.xml:64:27-73
92                <category android:name="android.intent.category.BROWSABLE" />
92-->src\main\AndroidManifest.xml:65:17-77
92-->src\main\AndroidManifest.xml:65:27-75
93
94                <data
94-->src\main\AndroidManifest.xml:66:17-69:60
95                    android:host="payment_success"
95-->src\main\AndroidManifest.xml:68:21-51
96                    android:pathPrefix="/payment_success"
96-->src\main\AndroidManifest.xml:69:21-58
97                    android:scheme="myapp" />
97-->src\main\AndroidManifest.xml:67:21-43
98            </intent-filter>
99        </activity>
100        <activity
100-->src\main\AndroidManifest.xml:73:9-78:20
101            android:name="com.example.learninglanguageapp.activities.ShopActivity"
101-->src\main\AndroidManifest.xml:74:13-52
102            android:exported="false"
102-->src\main\AndroidManifest.xml:75:13-37
103            android:theme="@style/Theme.LearningLanguageApp" >
103-->src\main\AndroidManifest.xml:76:13-61
104        </activity>
105        <activity
105-->src\main\AndroidManifest.xml:79:9-82:52
106            android:name="com.example.learninglanguageapp.activities.SelectImageGameActivity"
106-->src\main\AndroidManifest.xml:80:13-63
107            android:exported="false"
107-->src\main\AndroidManifest.xml:81:13-37
108            android:screenOrientation="portrait" />
108-->src\main\AndroidManifest.xml:82:13-49
109        <activity
109-->src\main\AndroidManifest.xml:83:9-85:40
110            android:name="com.example.learninglanguageapp.activities.GameWordropActivity"
110-->src\main\AndroidManifest.xml:84:13-59
111            android:exported="false" />
111-->src\main\AndroidManifest.xml:85:13-37
112        <activity
112-->src\main\AndroidManifest.xml:86:9-88:40
113            android:name="com.example.learninglanguageapp.activities.LessonActivity"
113-->src\main\AndroidManifest.xml:87:13-54
114            android:exported="false" />
114-->src\main\AndroidManifest.xml:88:13-37
115        <activity
115-->src\main\AndroidManifest.xml:89:9-100:20
116            android:name="com.example.learninglanguageapp.activities.SplashActivity"
116-->src\main\AndroidManifest.xml:90:13-54
117            android:exported="true"
117-->src\main\AndroidManifest.xml:91:13-36
118            android:screenOrientation="portrait"
118-->src\main\AndroidManifest.xml:92:13-49
119            android:theme="@style/Theme.LearningLanguageApp.Splash" >
119-->src\main\AndroidManifest.xml:93:13-68
120            <intent-filter>
120-->src\main\AndroidManifest.xml:95:13-98:29
121                <action android:name="android.intent.action.MAIN" />
121-->src\main\AndroidManifest.xml:96:17-68
121-->src\main\AndroidManifest.xml:96:25-66
122
123                <category android:name="android.intent.category.LAUNCHER" />
123-->src\main\AndroidManifest.xml:97:17-76
123-->src\main\AndroidManifest.xml:97:27-74
124            </intent-filter>
125        </activity>
126        <activity
126-->src\main\AndroidManifest.xml:102:9-104:40
127            android:name="com.example.learninglanguageapp.activities.WelcomeActivity"
127-->src\main\AndroidManifest.xml:103:13-55
128            android:exported="false" />
128-->src\main\AndroidManifest.xml:104:13-37
129        <activity
129-->src\main\AndroidManifest.xml:105:9-107:40
130            android:name="com.example.learninglanguageapp.activities.Welcome2Activity"
130-->src\main\AndroidManifest.xml:106:13-56
131            android:exported="false" />
131-->src\main\AndroidManifest.xml:107:13-37
132        <activity
132-->src\main\AndroidManifest.xml:108:9-110:40
133            android:name="com.example.learninglanguageapp.activities.RegisterActivity"
133-->src\main\AndroidManifest.xml:109:13-56
134            android:exported="false" />
134-->src\main\AndroidManifest.xml:110:13-37
135        <activity
135-->src\main\AndroidManifest.xml:111:9-113:39
136            android:name="com.example.learninglanguageapp.activities.LanguageUse"
136-->src\main\AndroidManifest.xml:112:13-51
137            android:exported="false" />
137-->src\main\AndroidManifest.xml:113:13-37
138        <activity
138-->src\main\AndroidManifest.xml:114:9-116:39
139            android:name="com.example.learninglanguageapp.activities.LanguageLearn"
139-->src\main\AndroidManifest.xml:115:13-53
140            android:exported="false" />
140-->src\main\AndroidManifest.xml:116:13-37
141        <activity
141-->src\main\AndroidManifest.xml:117:9-119:39
142            android:name="com.example.learninglanguageapp.activities.LevelActivity"
142-->src\main\AndroidManifest.xml:118:13-53
143            android:exported="false" />
143-->src\main\AndroidManifest.xml:119:13-37
144        <activity
144-->src\main\AndroidManifest.xml:120:9-122:39
145            android:name="com.example.learninglanguageapp.activities.StudyTimeActivity"
145-->src\main\AndroidManifest.xml:121:13-57
146            android:exported="false" />
146-->src\main\AndroidManifest.xml:122:13-37
147        <activity
147-->src\main\AndroidManifest.xml:126:9-130:20
148            android:name="com.example.learninglanguageapp.activities.LoginActivity"
148-->src\main\AndroidManifest.xml:127:13-53
149            android:exported="false" >
149-->src\main\AndroidManifest.xml:128:13-37
150        </activity> <!-- Main Activity -->
151        <activity
151-->src\main\AndroidManifest.xml:131:9-137:20
152            android:name="com.example.learninglanguageapp.activities.MainActivity"
152-->src\main\AndroidManifest.xml:132:13-52
153            android:exported="false"
153-->src\main\AndroidManifest.xml:133:13-37
154            android:launchMode="singleTop"
154-->src\main\AndroidManifest.xml:134:13-43
155            android:screenOrientation="portrait" >
155-->src\main\AndroidManifest.xml:135:13-49
156        </activity>
157        <activity
157-->src\main\AndroidManifest.xml:138:9-141:43
158            android:name="com.facebook.FacebookActivity"
158-->src\main\AndroidManifest.xml:139:13-57
159            android:configChanges="keyboard|keyboardHidden|screenLayout|screenSize|orientation"
159-->src\main\AndroidManifest.xml:140:13-96
160            android:theme="@style/com_facebook_activity_theme" />
160-->[com.facebook.android:facebook-common:18.1.3] AndroidManifest.xml:23:13-63
161        <activity
161-->src\main\AndroidManifest.xml:142:9-146:48
162            android:name="com.facebook.CustomTabActivity"
162-->src\main\AndroidManifest.xml:143:13-58
163            android:exported="false" >
163-->src\main\AndroidManifest.xml:144:13-37
164            <intent-filter>
164-->[com.facebook.android:facebook-common:18.1.3] AndroidManifest.xml:29:13-38:29
165                <action android:name="android.intent.action.VIEW" />
165-->src\main\AndroidManifest.xml:63:17-68
165-->src\main\AndroidManifest.xml:63:25-66
166
167                <category android:name="android.intent.category.DEFAULT" />
167-->src\main\AndroidManifest.xml:64:17-75
167-->src\main\AndroidManifest.xml:64:27-73
168                <category android:name="android.intent.category.BROWSABLE" />
168-->src\main\AndroidManifest.xml:65:17-77
168-->src\main\AndroidManifest.xml:65:27-75
169
170                <data
170-->src\main\AndroidManifest.xml:66:17-69:60
171                    android:host="cct.com.example.learninglanguageapp"
171-->src\main\AndroidManifest.xml:68:21-51
172                    android:scheme="fbconnect" />
172-->src\main\AndroidManifest.xml:67:21-43
173            </intent-filter>
174        </activity>
175        <!-- <activity -->
176        <!-- android:name="com.google.android.gms.auth.api.signin.internal.SignInHubActivity" -->
177        <!-- android:excludeFromRecents="true" -->
178        <!-- android:exported="false" -->
179        <!-- android:theme="@android:style/Theme.Translucent.NoTitleBar" /> -->
180
181
182        <!-- <service -->
183        <!-- android:name="com.google.android.gms.auth.api.signin.RevocationBoundService" -->
184        <!-- android:exported="true" -->
185        <!-- android:permission="com.google.android.gms.auth.api.signin.permission.REVOCATION_BOUND_SERVICE" -->
186        <!-- tools:replace="android:permission" /> -->
187
188
189        <!-- <provider -->
190        <!-- android:name="androidx.core.content.FileProvider" -->
191        <!-- android:authorities="${applicationId}.fileprovider" -->
192        <!-- android:exported="false" -->
193        <!-- android:grantUriPermissions="true"> -->
194        <!-- <meta-data -->
195        <!-- android:name="android.support.FILE_PROVIDER_PATHS" -->
196        <!-- android:resource="@xml/file_paths" /> -->
197        <!-- </provider> &lt;!&ndash; Firebase App Check (Security) &ndash;&gt; -->
198        <!-- <meta-data -->
199        <!-- android:name="firebase_analytics_collection_enabled" -->
200        <!-- android:value="true" /> -->
201        <!-- <meta-data -->
202        <!-- android:name="firebase_crashlytics_collection_enabled" -->
203        <!-- android:value="true" /> -->
204        <meta-data
204-->src\main\AndroidManifest.xml:174:9-176:55
205            android:name="com.facebook.sdk.ApplicationId"
205-->src\main\AndroidManifest.xml:175:13-58
206            android:value="@string/facebook_app_id" />
206-->src\main\AndroidManifest.xml:176:13-52
207        <meta-data
207-->src\main\AndroidManifest.xml:177:9-179:61
208            android:name="com.facebook.sdk.ClientToken"
208-->src\main\AndroidManifest.xml:178:13-56
209            android:value="@string/facebook_client_token" />
209-->src\main\AndroidManifest.xml:179:13-58
210
211        <activity
211-->[com.karumi:dexter:6.2.3] AndroidManifest.xml:27:9-29:72
212            android:name="com.karumi.dexter.DexterActivity"
212-->[com.karumi:dexter:6.2.3] AndroidManifest.xml:28:13-60
213            android:theme="@style/Dexter.Internal.Theme.Transparent" />
213-->[com.karumi:dexter:6.2.3] AndroidManifest.xml:29:13-69
214        <activity android:name="com.facebook.CustomTabMainActivity" />
214-->[com.facebook.android:facebook-common:18.1.3] AndroidManifest.xml:24:9-71
214-->[com.facebook.android:facebook-common:18.1.3] AndroidManifest.xml:24:19-68
215        <activity
215-->[com.google.android.gms:play-services-auth:21.4.0] AndroidManifest.xml:23:9-27:75
216            android:name="com.google.android.gms.auth.api.signin.internal.SignInHubActivity"
216-->[com.google.android.gms:play-services-auth:21.4.0] AndroidManifest.xml:24:13-93
217            android:excludeFromRecents="true"
217-->[com.google.android.gms:play-services-auth:21.4.0] AndroidManifest.xml:25:13-46
218            android:exported="false"
218-->[com.google.android.gms:play-services-auth:21.4.0] AndroidManifest.xml:26:13-37
219            android:theme="@android:style/Theme.Translucent.NoTitleBar" />
219-->[com.google.android.gms:play-services-auth:21.4.0] AndroidManifest.xml:27:13-72
220        <!--
221            Service handling Google Sign-In user revocation. For apps that do not integrate with
222            Google Sign-In, this service will never be started.
223        -->
224        <service
224-->[com.google.android.gms:play-services-auth:21.4.0] AndroidManifest.xml:33:9-37:51
225            android:name="com.google.android.gms.auth.api.signin.RevocationBoundService"
225-->[com.google.android.gms:play-services-auth:21.4.0] AndroidManifest.xml:34:13-89
226            android:exported="true"
226-->[com.google.android.gms:play-services-auth:21.4.0] AndroidManifest.xml:35:13-36
227            android:permission="com.google.android.gms.auth.api.signin.permission.REVOCATION_NOTIFICATION"
227-->[com.google.android.gms:play-services-auth:21.4.0] AndroidManifest.xml:36:13-107
228            android:visibleToInstantApps="true" />
228-->[com.google.android.gms:play-services-auth:21.4.0] AndroidManifest.xml:37:13-48
229
230        <activity
230-->[com.google.android.gms:play-services-base:18.5.0] AndroidManifest.xml:5:9-173
231            android:name="com.google.android.gms.common.api.GoogleApiActivity"
231-->[com.google.android.gms:play-services-base:18.5.0] AndroidManifest.xml:5:19-85
232            android:exported="false"
232-->[com.google.android.gms:play-services-base:18.5.0] AndroidManifest.xml:5:146-170
233            android:theme="@android:style/Theme.Translucent.NoTitleBar" />
233-->[com.google.android.gms:play-services-base:18.5.0] AndroidManifest.xml:5:86-145
234
235        <meta-data
235-->[com.google.android.gms:play-services-basement:18.5.0] AndroidManifest.xml:21:9-23:69
236            android:name="com.google.android.gms.version"
236-->[com.google.android.gms:play-services-basement:18.5.0] AndroidManifest.xml:22:13-58
237            android:value="@integer/google_play_services_version" />
237-->[com.google.android.gms:play-services-basement:18.5.0] AndroidManifest.xml:23:13-66
238
239        <provider
239-->[androidx.work:work-runtime:2.9.0] AndroidManifest.xml:29:9-37:20
240            android:name="androidx.startup.InitializationProvider"
240-->[androidx.work:work-runtime:2.9.0] AndroidManifest.xml:30:13-67
241            android:authorities="com.example.learninglanguageapp.androidx-startup"
241-->[androidx.work:work-runtime:2.9.0] AndroidManifest.xml:31:13-68
242            android:exported="false" >
242-->[androidx.work:work-runtime:2.9.0] AndroidManifest.xml:32:13-37
243            <meta-data
243-->[androidx.work:work-runtime:2.9.0] AndroidManifest.xml:34:13-36:52
244                android:name="androidx.work.WorkManagerInitializer"
244-->[androidx.work:work-runtime:2.9.0] AndroidManifest.xml:35:17-68
245                android:value="androidx.startup" />
245-->[androidx.work:work-runtime:2.9.0] AndroidManifest.xml:36:17-49
246            <meta-data
246-->[androidx.emoji2:emoji2:1.2.0] AndroidManifest.xml:29:13-31:52
247                android:name="androidx.emoji2.text.EmojiCompatInitializer"
247-->[androidx.emoji2:emoji2:1.2.0] AndroidManifest.xml:30:17-75
248                android:value="androidx.startup" />
248-->[androidx.emoji2:emoji2:1.2.0] AndroidManifest.xml:31:17-49
249            <meta-data
249-->[androidx.lifecycle:lifecycle-process:2.9.4] AndroidManifest.xml:29:13-31:52
250                android:name="androidx.lifecycle.ProcessLifecycleInitializer"
250-->[androidx.lifecycle:lifecycle-process:2.9.4] AndroidManifest.xml:30:17-78
251                android:value="androidx.startup" />
251-->[androidx.lifecycle:lifecycle-process:2.9.4] AndroidManifest.xml:31:17-49
252            <meta-data
252-->[androidx.profileinstaller:profileinstaller:1.4.0] AndroidManifest.xml:29:13-31:52
253                android:name="androidx.profileinstaller.ProfileInstallerInitializer"
253-->[androidx.profileinstaller:profileinstaller:1.4.0] AndroidManifest.xml:30:17-85
254                android:value="androidx.startup" />
254-->[androidx.profileinstaller:profileinstaller:1.4.0] AndroidManifest.xml:31:17-49
255            <meta-data
255-->[com.squareup.okhttp3:okhttp-android:5.1.0] AndroidManifest.xml:16:13-18:52
256                android:name="okhttp3.internal.platform.PlatformInitializer"
256-->[com.squareup.okhttp3:okhttp-android:5.1.0] AndroidManifest.xml:17:17-77
257                android:value="androidx.startup" />
257-->[com.squareup.okhttp3:okhttp-android:5.1.0] AndroidManifest.xml:18:17-49
258        </provider>
259
260        <service
260-->[androidx.work:work-runtime:2.9.0] AndroidManifest.xml:39:9-45:35
261            android:name="androidx.work.impl.background.systemalarm.SystemAlarmService"
261-->[androidx.work:work-runtime:2.9.0] AndroidManifest.xml:40:13-88
262            android:directBootAware="false"
262-->[androidx.work:work-runtime:2.9.0] AndroidManifest.xml:41:13-44
263            android:enabled="@bool/enable_system_alarm_service_default"
263-->[androidx.work:work-runtime:2.9.0] AndroidManifest.xml:42:13-72
264            android:exported="false" />
264-->[androidx.work:work-runtime:2.9.0] AndroidManifest.xml:43:13-37
265        <service
265-->[androidx.work:work-runtime:2.9.0] AndroidManifest.xml:46:9-52:35
266            android:name="androidx.work.impl.background.systemjob.SystemJobService"
266-->[androidx.work:work-runtime:2.9.0] AndroidManifest.xml:47:13-84
267            android:directBootAware="false"
267-->[androidx.work:work-runtime:2.9.0] AndroidManifest.xml:48:13-44
268            android:enabled="@bool/enable_system_job_service_default"
268-->[androidx.work:work-runtime:2.9.0] AndroidManifest.xml:49:13-70
269            android:exported="true"
269-->[androidx.work:work-runtime:2.9.0] AndroidManifest.xml:50:13-36
270            android:permission="android.permission.BIND_JOB_SERVICE" />
270-->[androidx.work:work-runtime:2.9.0] AndroidManifest.xml:51:13-69
271        <service
271-->[androidx.work:work-runtime:2.9.0] AndroidManifest.xml:53:9-59:35
272            android:name="androidx.work.impl.foreground.SystemForegroundService"
272-->[androidx.work:work-runtime:2.9.0] AndroidManifest.xml:54:13-81
273            android:directBootAware="false"
273-->[androidx.work:work-runtime:2.9.0] AndroidManifest.xml:55:13-44
274            android:enabled="@bool/enable_system_foreground_service_default"
274-->[androidx.work:work-runtime:2.9.0] AndroidManifest.xml:56:13-77
275            android:exported="false" />
275-->[androidx.work:work-runtime:2.9.0] AndroidManifest.xml:57:13-37
276
277        <receiver
277-->[androidx.work:work-runtime:2.9.0] AndroidManifest.xml:61:9-66:35
278            android:name="androidx.work.impl.utils.ForceStopRunnable$BroadcastReceiver"
278-->[androidx.work:work-runtime:2.9.0] AndroidManifest.xml:62:13-88
279            android:directBootAware="false"
279-->[androidx.work:work-runtime:2.9.0] AndroidManifest.xml:63:13-44
280            android:enabled="true"
280-->[androidx.work:work-runtime:2.9.0] AndroidManifest.xml:64:13-35
281            android:exported="false" />
281-->[androidx.work:work-runtime:2.9.0] AndroidManifest.xml:65:13-37
282        <receiver
282-->[androidx.work:work-runtime:2.9.0] AndroidManifest.xml:67:9-77:20
283            android:name="androidx.work.impl.background.systemalarm.ConstraintProxy$BatteryChargingProxy"
283-->[androidx.work:work-runtime:2.9.0] AndroidManifest.xml:68:13-106
284            android:directBootAware="false"
284-->[androidx.work:work-runtime:2.9.0] AndroidManifest.xml:69:13-44
285            android:enabled="false"
285-->[androidx.work:work-runtime:2.9.0] AndroidManifest.xml:70:13-36
286            android:exported="false" >
286-->[androidx.work:work-runtime:2.9.0] AndroidManifest.xml:71:13-37
287            <intent-filter>
287-->[androidx.work:work-runtime:2.9.0] AndroidManifest.xml:73:13-76:29
288                <action android:name="android.intent.action.ACTION_POWER_CONNECTED" />
288-->[androidx.work:work-runtime:2.9.0] AndroidManifest.xml:74:17-87
288-->[androidx.work:work-runtime:2.9.0] AndroidManifest.xml:74:25-84
289                <action android:name="android.intent.action.ACTION_POWER_DISCONNECTED" />
289-->[androidx.work:work-runtime:2.9.0] AndroidManifest.xml:75:17-90
289-->[androidx.work:work-runtime:2.9.0] AndroidManifest.xml:75:25-87
290            </intent-filter>
291        </receiver>
292        <receiver
292-->[androidx.work:work-runtime:2.9.0] AndroidManifest.xml:78:9-88:20
293            android:name="androidx.work.impl.background.systemalarm.ConstraintProxy$BatteryNotLowProxy"
293-->[androidx.work:work-runtime:2.9.0] AndroidManifest.xml:79:13-104
294            android:directBootAware="false"
294-->[androidx.work:work-runtime:2.9.0] AndroidManifest.xml:80:13-44
295            android:enabled="false"
295-->[androidx.work:work-runtime:2.9.0] AndroidManifest.xml:81:13-36
296            android:exported="false" >
296-->[androidx.work:work-runtime:2.9.0] AndroidManifest.xml:82:13-37
297            <intent-filter>
297-->[androidx.work:work-runtime:2.9.0] AndroidManifest.xml:84:13-87:29
298                <action android:name="android.intent.action.BATTERY_OKAY" />
298-->[androidx.work:work-runtime:2.9.0] AndroidManifest.xml:85:17-77
298-->[androidx.work:work-runtime:2.9.0] AndroidManifest.xml:85:25-74
299                <action android:name="android.intent.action.BATTERY_LOW" />
299-->[androidx.work:work-runtime:2.9.0] AndroidManifest.xml:86:17-76
299-->[androidx.work:work-runtime:2.9.0] AndroidManifest.xml:86:25-73
300            </intent-filter>
301        </receiver>
302        <receiver
302-->[androidx.work:work-runtime:2.9.0] AndroidManifest.xml:89:9-99:20
303            android:name="androidx.work.impl.background.systemalarm.ConstraintProxy$StorageNotLowProxy"